###############################################################################
#                                                                             #
#                                                       04/Mar/2012  11:29:54 #
# IAR ANSI C/C++ Compiler V6.10.1.22143/W32 EVALUATION for ARM                #
# Copyright 1999-2010 IAR Systems AB.                                         #
#                                                                             #
#    Cpu mode     =  thumb                                                    #
#    Endian       =  little                                                   #
#    Source file  =  F:\My Works\K60\Kinetis512\kinetis-sc\src\common\assert. #
#                    c                                                        #
#    Command line =  "F:\My Works\K60\Kinetis512\kinetis-sc\src\common\assert #
#                    .c" -D IAR -D TWR_K60N512 -lCN "F:\My                    #
#                    Works\K60\Kinetis512\kinetis-sc\build\iar\gpio\RAM_32KB\ #
#                    List\" -lB "F:\My Works\K60\Kinetis512\kinetis-sc\build\ #
#                    iar\gpio\RAM_32KB\List\" -o "F:\My                       #
#                    Works\K60\Kinetis512\kinetis-sc\build\iar\gpio\RAM_32KB\ #
#                    Obj\" --no_cse --no_unroll --no_inline --no_code_motion  #
#                    --no_tbaa --no_clustering --no_scheduling --debug        #
#                    --endian=little --cpu=Cortex-M4 -e --fpu=None            #
#                    --dlib_config "D:\Program Files\IAR Systems\Embedded     #
#                    Workbench 6.0 Evaluation\arm\INC\c\DLib_Config_Normal.h" #
#                     -I "F:\My Works\K60\Kinetis512\kinetis-sc\build\iar\gpi #
#                    o\..\..\..\src\projects\gpio\" -I "F:\My                 #
#                    Works\K60\Kinetis512\kinetis-sc\build\iar\gpio\..\..\..\ #
#                    src\common\" -I "F:\My Works\K60\Kinetis512\kinetis-sc\b #
#                    uild\iar\gpio\..\..\..\src\cpu\" -I "F:\My               #
#                    Works\K60\Kinetis512\kinetis-sc\build\iar\gpio\..\..\..\ #
#                    src\cpu\headers\" -I "F:\My                              #
#                    Works\K60\Kinetis512\kinetis-sc\build\iar\gpio\..\..\..\ #
#                    src\drivers\uart\" -I "F:\My                             #
#                    Works\K60\Kinetis512\kinetis-sc\build\iar\gpio\..\..\..\ #
#                    src\drivers\mcg\" -I "F:\My                              #
#                    Works\K60\Kinetis512\kinetis-sc\build\iar\gpio\..\..\..\ #
#                    src\drivers\wdog\" -I "F:\My                             #
#                    Works\K60\Kinetis512\kinetis-sc\build\iar\gpio\..\..\..\ #
#                    src\platforms\" -I "F:\My Works\K60\Kinetis512\kinetis-s #
#                    c\build\iar\gpio\..\" -Ol --use_c++_inline               #
#    List file    =  F:\My Works\K60\Kinetis512\kinetis-sc\build\iar\gpio\RAM #
#                    _32KB\List\assert.lst                                    #
#    Object file  =  F:\My Works\K60\Kinetis512\kinetis-sc\build\iar\gpio\RAM #
#                    _32KB\Obj\assert.o                                       #
#                                                                             #
#                                                                             #
###############################################################################

F:\My Works\K60\Kinetis512\kinetis-sc\src\common\assert.c
      1          /*
      2           * File:        assert.c
      3           * Purpose:     Provide macro for software assertions
      4           *
      5           * Notes:       ASSERT macro defined in assert.h calls assert_failed()
      6           */
      7          
      8          #include "common.h"
      9          

   \                                 In section .text, align 4, keep-with-next
     10          const char ASSERT_FAILED_STR[] = "Assertion failed in %s at line %d\n";
   \                     ASSERT_FAILED_STR:
   \   00000000                      ; Initializer data, 36 bytes
   \   00000000   417373657274       DC8 65, 115, 115, 101, 114, 116, 105, 111, 110, 32
   \              696F6E20    
   \   0000000A   6661696C6564       DC8 102, 97, 105, 108, 101, 100, 32, 105, 110, 32
   \              20696E20    
   \   00000014   257320617420       DC8 37, 115, 32, 97, 116, 32, 108, 105, 110, 101
   \              6C696E65    
   \   0000001E   2025640A0000       DC8 32, 37, 100, 10, 0, 0
     11          
     12          /********************************************************************/

   \                                 In section .text, align 2, keep-with-next
     13          void
     14          assert_failed(char *file, int line)
     15          {
   \                     assert_failed:
   \   00000000   80B5               PUSH     {R7,LR}
     16              int i;
     17              
     18              printf(ASSERT_FAILED_STR, file, line);
   \   00000002   0A00               MOVS     R2,R1
   \   00000004   0100               MOVS     R1,R0
   \   00000006   ........           ADR.W    R0,ASSERT_FAILED_STR
   \   0000000A   ........           BL       printf
     19          
     20              while (1)
     21              {
     22          //        platform_led_display(0xFF);
     23                  for (i = 100000; i; i--) ;
   \                     ??assert_failed_0:
   \   0000000E   ....               LDR.N    R0,??DataTable1  ;; 0x186a0
   \   00000010   00E0               B.N      ??assert_failed_1
   \                     ??assert_failed_2:
   \   00000012   401E               SUBS     R0,R0,#+1
   \                     ??assert_failed_1:
   \   00000014   0028               CMP      R0,#+0
   \   00000016   FCD1               BNE.N    ??assert_failed_2
     24          //        platform_led_display(0x00);
     25                  for (i = 100000; i; i--) ;
   \   00000018   ....               LDR.N    R0,??DataTable1  ;; 0x186a0
   \                     ??assert_failed_3:
   \   0000001A   0028               CMP      R0,#+0
   \   0000001C   F7D0               BEQ.N    ??assert_failed_0
   \   0000001E   401E               SUBS     R0,R0,#+1
   \   00000020   FBE7               B.N      ??assert_failed_3
     26              }
     27          }

   \                                 In section .text, align 4, keep-with-next
   \                     ??DataTable1:
   \   00000000   A0860100           DC32     0x186a0
     28          /********************************************************************/

   Maximum stack usage in bytes:

     Function      .cstack
     --------      -------
     assert_failed      8


   Section sizes:

     Function/Label    Bytes
     --------------    -----
     ASSERT_FAILED_STR   36
     assert_failed       34
     ??DataTable1         4

 
 74 bytes in section .text
 
 74 bytes of CODE memory

Errors: none
Warnings: none
