###############################################################################
#                                                                             #
# IAR ANSI C/C++ Compiler V6.10.1.52143/W32 for ARM     23/Jan/2012  15:55:23 #
# Copyright 1999-2010 IAR Systems AB.                                         #
#                                                                             #
#    Cpu mode     =  thumb                                                    #
#    Endian       =  little                                                   #
#    Source file  =  G:\K60\Kinetis512\kinetis-sc\src\drivers\wdog\wdog.c     #
#    Command line =  G:\K60\Kinetis512\kinetis-sc\src\drivers\wdog\wdog.c -D  #
#                    IAR -D TWR_K60N512 -lCN G:\K60\Kinetis512\kinetis-sc\bui #
#                    ld\iar\demo\FLASH_512KB_PFLASH\List\ -lB                 #
#                    G:\K60\Kinetis512\kinetis-sc\build\iar\demo\FLASH_512KB_ #
#                    PFLASH\List\ -o G:\K60\Kinetis512\kinetis-sc\build\iar\d #
#                    emo\FLASH_512KB_PFLASH\Obj\ --no_cse --no_unroll         #
#                    --no_inline --no_code_motion --no_tbaa --no_clustering   #
#                    --no_scheduling --debug --endian=little --cpu=Cortex-M4  #
#                    -e --fpu=None --dlib_config "D:\Program Files\IAR        #
#                    Systems\Embedded Workbench 6.0\arm\INC\c\DLib_Config_Nor #
#                    mal.h" -I G:\K60\Kinetis512\kinetis-sc\build\iar\demo\.. #
#                    \..\..\src\projects\demo\ -I                             #
#                    G:\K60\Kinetis512\kinetis-sc\build\iar\demo\..\..\..\src #
#                    \common\ -I G:\K60\Kinetis512\kinetis-sc\build\iar\demo\ #
#                    ..\..\..\src\cpu\ -I G:\K60\Kinetis512\kinetis-sc\build\ #
#                    iar\demo\..\..\..\src\cpu\headers\ -I                    #
#                    G:\K60\Kinetis512\kinetis-sc\build\iar\demo\..\..\..\src #
#                    \drivers\uart\ -I G:\K60\Kinetis512\kinetis-sc\build\iar #
#                    \demo\..\..\..\src\drivers\mcg\ -I                       #
#                    G:\K60\Kinetis512\kinetis-sc\build\iar\demo\..\..\..\src #
#                    \drivers\wdog\ -I G:\K60\Kinetis512\kinetis-sc\build\iar #
#                    \demo\..\..\..\src\platforms\ -I                         #
#                    G:\K60\Kinetis512\kinetis-sc\build\iar\demo\..\ -Ol      #
#                    --use_c++_inline                                         #
#    List file    =  G:\K60\Kinetis512\kinetis-sc\build\iar\demo\FLASH_512KB_ #
#                    PFLASH\List\wdog.lst                                     #
#    Object file  =  G:\K60\Kinetis512\kinetis-sc\build\iar\demo\FLASH_512KB_ #
#                    PFLASH\Obj\wdog.o                                        #
#                                                                             #
#                                                                             #
###############################################################################

G:\K60\Kinetis512\kinetis-sc\src\drivers\wdog\wdog.c
      1          /*
      2           * File:        wdog.c
      3           * Purpose:     Provide common watchdog module routines
      4           *
      5           * Notes:		Need to add more functionality. Right now it
      6           * 				is just a disable routine since we know almost
      7           * 				all projects will need that.       
      8           *              
      9           */
     10          
     11          #include "common.h"
     12          #include "wdog.h"
     13                 
     14          /********************************************************************/
     15          /*
     16           * Watchdog timer disable routine
     17           *
     18           * Parameters:
     19           * none
     20           */

   \                                 In section .text, align 2, keep-with-next
     21          void wdog_disable(void)
     22          {
   \                     wdog_disable:
   \   00000000   80B5               PUSH     {R7,LR}
     23          	/* First unlock the watchdog so that we can write to registers */
     24          	wdog_unlock();
   \   00000002   ........           BL       wdog_unlock
     25          	
     26          	/* Clear the WDOGEN bit to disable the watchdog */
     27          	WDOG_STCTRLH &= ~WDOG_STCTRLH_WDOGEN_MASK;
   \   00000006   ....               LDR.N    R0,??DataTable1  ;; 0x40052000
   \   00000008   0088               LDRH     R0,[R0, #+0]
   \   0000000A   4FF6FE71           MOVW     R1,#+65534
   \   0000000E   0840               ANDS     R0,R1,R0
   \   00000010   ....               LDR.N    R1,??DataTable1  ;; 0x40052000
   \   00000012   0880               STRH     R0,[R1, #+0]
     28          }
   \   00000014   01BD               POP      {R0,PC}          ;; return
     29          /********************************************************************/
     30          /*
     31           * Watchdog timer unlock routine. Writing 0xC520 followed by 0xD928
     32           * will unlock the write once registers in the WDOG so they are writable
     33           * within the WCT period.
     34           *
     35           * Parameters:
     36           * none
     37           */

   \                                 In section .text, align 4, keep-with-next
     38          void wdog_unlock(void)
     39          {
     40            /* NOTE: DO NOT SINGLE STEP THROUGH THIS FUNCTION!!! */
     41            /* There are timing requirements for the execution of the unlock. If
     42             * you single step through the code you will cause the CPU to reset.
     43             */
     44          
     45          	/* This sequence must execute within 20 clock cycles, so disable
     46                   * interrupts will keep the code atomic and ensure the timing.
     47                   */
     48                  DisableInterrupts;
   \                     wdog_unlock:
   \   00000000   72B6               CPSID i         
     49          	
     50          	/* Write 0xC520 to the unlock register */
     51          	WDOG_UNLOCK = 0xC520;
   \   00000002   ....               LDR.N    R0,??DataTable1_1  ;; 0x4005200e
   \   00000004   4CF22051           MOVW     R1,#+50464
   \   00000008   0180               STRH     R1,[R0, #+0]
     52          	
     53          	/* Followed by 0xD928 to complete the unlock */
     54          	WDOG_UNLOCK = 0xD928;
   \   0000000A   ....               LDR.N    R0,??DataTable1_1  ;; 0x4005200e
   \   0000000C   4DF62811           MOVW     R1,#+55592
   \   00000010   0180               STRH     R1,[R0, #+0]
     55          	
     56          	/* Re-enable interrupts now that we are done */	
     57                 	EnableInterrupts;
   \   00000012   62B6               CPSIE i         
     58          }
   \   00000014   7047               BX       LR               ;; return

   \                                 In section .text, align 4, keep-with-next
   \                     ??DataTable1:
   \   00000000   00200540           DC32     0x40052000

   \                                 In section .text, align 4, keep-with-next
   \                     ??DataTable1_1:
   \   00000000   0E200540           DC32     0x4005200e
     59          /********************************************************************/

   Maximum stack usage in bytes:

     Function     .cstack
     --------     -------
     wdog_disable      8
     wdog_unlock       0


   Section sizes:

     Function/Label Bytes
     -------------- -----
     wdog_disable     22
     wdog_unlock      22
     ??DataTable1      4
     ??DataTable1_1    4

 
 52 bytes in section .text
 
 52 bytes of CODE memory

Errors: none
Warnings: none
