###############################################################################
#                                                                             #
# IAR ANSI C/C++ Compiler V6.10.1.52143/W32 for ARM     23/Jan/2012  15:55:52 #
# Copyright 1999-2010 IAR Systems AB.                                         #
#                                                                             #
#    Cpu mode     =  thumb                                                    #
#    Endian       =  little                                                   #
#    Source file  =  G:\K60\Kinetis512\kinetis-sc\src\projects\demo\demo.c    #
#    Command line =  G:\K60\Kinetis512\kinetis-sc\src\projects\demo\demo.c    #
#                    -D IAR -D TWR_K60N512 -lCN G:\K60\Kinetis512\kinetis-sc\ #
#                    build\iar\demo\RAM_64KB\List\ -lB                        #
#                    G:\K60\Kinetis512\kinetis-sc\build\iar\demo\RAM_64KB\Lis #
#                    t\ -o G:\K60\Kinetis512\kinetis-sc\build\iar\demo\RAM_64 #
#                    KB\Obj\ --no_cse --no_unroll --no_inline                 #
#                    --no_code_motion --no_tbaa --no_clustering               #
#                    --no_scheduling --debug --endian=little --cpu=Cortex-M4  #
#                    -e --fpu=None --dlib_config "D:\Program Files\IAR        #
#                    Systems\Embedded Workbench 6.0\arm\INC\c\DLib_Config_Nor #
#                    mal.h" -I G:\K60\Kinetis512\kinetis-sc\build\iar\demo\.. #
#                    \..\..\src\projects\demo\ -I                             #
#                    G:\K60\Kinetis512\kinetis-sc\build\iar\demo\..\..\..\src #
#                    \common\ -I G:\K60\Kinetis512\kinetis-sc\build\iar\demo\ #
#                    ..\..\..\src\cpu\ -I G:\K60\Kinetis512\kinetis-sc\build\ #
#                    iar\demo\..\..\..\src\cpu\headers\ -I                    #
#                    G:\K60\Kinetis512\kinetis-sc\build\iar\demo\..\..\..\src #
#                    \drivers\uart\ -I G:\K60\Kinetis512\kinetis-sc\build\iar #
#                    \demo\..\..\..\src\drivers\mcg\ -I                       #
#                    G:\K60\Kinetis512\kinetis-sc\build\iar\demo\..\..\..\src #
#                    \drivers\wdog\ -I G:\K60\Kinetis512\kinetis-sc\build\iar #
#                    \demo\..\..\..\src\platforms\ -I                         #
#                    G:\K60\Kinetis512\kinetis-sc\build\iar\demo\..\ -Ol      #
#                    --use_c++_inline                                         #
#    List file    =  G:\K60\Kinetis512\kinetis-sc\build\iar\demo\RAM_64KB\Lis #
#                    t\demo.lst                                               #
#    Object file  =  G:\K60\Kinetis512\kinetis-sc\build\iar\demo\RAM_64KB\Obj #
#                    \demo.o                                                  #
#                                                                             #
#                                                                             #
###############################################################################

G:\K60\Kinetis512\kinetis-sc\src\projects\demo\demo.c
      1          /*
      2           * File:		demo.c
      3           * Purpose:		Main process
      4           *
      5           */
      6          
      7          #include "common.h"
      8          
      9          /********************************************************************/

   \                                 In section .text, align 2, keep-with-next
     10          void main (void)
     11          {
   \                     main:
   \   00000000   80B5               PUSH     {R7,LR}
     12          	char ch;
     13                          
     14            	printf("\nHello World!!\n");
   \   00000002   ........           ADR.W    R0,`?<Constant "\\nHello World!!\\n">`
   \   00000006   ........           BL       printf
     15          
     16          	while(1)
     17          	{
     18          		ch = in_char();
   \                     ??main_0:
   \   0000000A   ........           BL       in_char
     19          		out_char(ch);
   \   0000000E   C0B2               UXTB     R0,R0            ;; ZeroExt  R0,R0,#+24,#+24
   \   00000010   ........           BL       out_char
   \   00000014   F9E7               B.N      ??main_0
     20          	} 
     21          }

   \                                 In section .text, align 4, keep-with-next
   \                     `?<Constant "\\nHello World!!\\n">`:
   \   00000000                      ; Initializer data, 16 bytes
   \   00000000   0A48656C6C6F       DC8 10, 72, 101, 108, 108, 111, 32, 87, 111, 114
   \              20576F72    
   \   0000000A   6C6421210A00       DC8 108, 100, 33, 33, 10, 0
     22          /********************************************************************/

   Maximum stack usage in bytes:

     Function .cstack
     -------- -------
     main          8


   Section sizes:

     Function/Label                  Bytes
     --------------                  -----
     main                              22
     ?<Constant "\nHello World!!\n">   16

 
 38 bytes in section .text
 
 38 bytes of CODE memory

Errors: none
Warnings: none
