###############################################################################
#                                                                             #
#                                                       04/Mar/2012  11:32:53 #
# IAR ANSI C/C++ Compiler V6.10.1.22143/W32 EVALUATION for ARM                #
# Copyright 1999-2010 IAR Systems AB.                                         #
#                                                                             #
#    Cpu mode     =  thumb                                                    #
#    Endian       =  little                                                   #
#    Source file  =  F:\My Works\K60\Kinetis512\kinetis-sc\src\drivers\wdog\w #
#                    dog.c                                                    #
#    Command line =  "F:\My Works\K60\Kinetis512\kinetis-sc\src\drivers\wdog\ #
#                    wdog.c" -D IAR -D TWR_K60N512 -lCN "F:\My                #
#                    Works\K60\Kinetis512\kinetis-sc\build\iar\gpio\FLASH_256 #
#                    KB_PFLASH\List\" -lB "F:\My                              #
#                    Works\K60\Kinetis512\kinetis-sc\build\iar\gpio\FLASH_256 #
#                    KB_PFLASH\List\" -o "F:\My Works\K60\Kinetis512\kinetis- #
#                    sc\build\iar\gpio\FLASH_256KB_PFLASH\Obj\" --no_cse      #
#                    --no_unroll --no_inline --no_code_motion --no_tbaa       #
#                    --no_clustering --no_scheduling --debug --endian=little  #
#                    --cpu=Cortex-M4 -e --fpu=None --dlib_config "D:\Program  #
#                    Files\IAR Systems\Embedded Workbench 6.0                 #
#                    Evaluation\arm\INC\c\DLib_Config_Normal.h" -I "F:\My     #
#                    Works\K60\Kinetis512\kinetis-sc\build\iar\gpio\..\..\..\ #
#                    src\projects\gpio\" -I "F:\My                            #
#                    Works\K60\Kinetis512\kinetis-sc\build\iar\gpio\..\..\..\ #
#                    src\common\" -I "F:\My Works\K60\Kinetis512\kinetis-sc\b #
#                    uild\iar\gpio\..\..\..\src\cpu\" -I "F:\My               #
#                    Works\K60\Kinetis512\kinetis-sc\build\iar\gpio\..\..\..\ #
#                    src\cpu\headers\" -I "F:\My                              #
#                    Works\K60\Kinetis512\kinetis-sc\build\iar\gpio\..\..\..\ #
#                    src\drivers\uart\" -I "F:\My                             #
#                    Works\K60\Kinetis512\kinetis-sc\build\iar\gpio\..\..\..\ #
#                    src\drivers\mcg\" -I "F:\My                              #
#                    Works\K60\Kinetis512\kinetis-sc\build\iar\gpio\..\..\..\ #
#                    src\drivers\wdog\" -I "F:\My                             #
#                    Works\K60\Kinetis512\kinetis-sc\build\iar\gpio\..\..\..\ #
#                    src\platforms\" -I "F:\My Works\K60\Kinetis512\kinetis-s #
#                    c\build\iar\gpio\..\" -Ol --use_c++_inline               #
#    List file    =  F:\My Works\K60\Kinetis512\kinetis-sc\build\iar\gpio\FLA #
#                    SH_256KB_PFLASH\List\wdog.lst                            #
#    Object file  =  F:\My Works\K60\Kinetis512\kinetis-sc\build\iar\gpio\FLA #
#                    SH_256KB_PFLASH\Obj\wdog.o                               #
#                                                                             #
#                                                                             #
###############################################################################

F:\My Works\K60\Kinetis512\kinetis-sc\src\drivers\wdog\wdog.c
      1          /*
      2           * File:        wdog.c
      3           * Purpose:     Provide common watchdog module routines
      4           *
      5           * Notes:		Need to add more functionality. Right now it
      6           * 				is just a disable routine since we know almost
      7           * 				all projects will need that.       
      8           *              
      9           */
     10          
     11          #include "common.h"
     12          #include "wdog.h"
     13                 
     14          /********************************************************************/
     15          /*
     16           * Watchdog timer disable routine
     17           *
     18           * Parameters:
     19           * none
     20           */

   \                                 In section .text, align 2, keep-with-next
     21          void wdog_disable(void)
     22          {
   \                     wdog_disable:
   \   00000000   80B5               PUSH     {R7,LR}
     23          	/* First unlock the watchdog so that we can write to registers */
     24          	wdog_unlock();
   \   00000002   ........           BL       wdog_unlock
     25          	
     26          	/* Clear the WDOGEN bit to disable the watchdog */
     27          	WDOG_STCTRLH &= ~WDOG_STCTRLH_WDOGEN_MASK;
   \   00000006   ....               LDR.N    R0,??DataTable1  ;; 0x40052000
   \   00000008   0088               LDRH     R0,[R0, #+0]
   \   0000000A   4FF6FE71           MOVW     R1,#+65534
   \   0000000E   0840               ANDS     R0,R1,R0
   \   00000010   ....               LDR.N    R1,??DataTable1  ;; 0x40052000
   \   00000012   0880               STRH     R0,[R1, #+0]
     28          }
   \   00000014   01BD               POP      {R0,PC}          ;; return
     29          /********************************************************************/
     30          /*
     31           * Watchdog timer unlock routine. Writing 0xC520 followed by 0xD928
     32           * will unlock the write once registers in the WDOG so they are writable
     33           * within the WCT period.
     34           *
     35           * Parameters:
     36           * none
     37           */

   \                                 In section .text, align 4, keep-with-next
     38          void wdog_unlock(void)
     39          {
     40            /* NOTE: DO NOT SINGLE STEP THROUGH THIS FUNCTION!!! */
     41            /* There are timing requirements for the execution of the unlock. If
     42             * you single step through the code you will cause the CPU to reset.
     43             */
     44          
     45          	/* This sequence must execute within 20 clock cycles, so disable
     46                   * interrupts will keep the code atomic and ensure the timing.
     47                   */
     48                  DisableInterrupts;
   \                     wdog_unlock:
   \   00000000   72B6               CPSID i         
     49          	
     50          	/* Write 0xC520 to the unlock register */
     51          	WDOG_UNLOCK = 0xC520;
   \   00000002   ....               LDR.N    R0,??DataTable1_1  ;; 0x4005200e
   \   00000004   4CF22051           MOVW     R1,#+50464
   \   00000008   0180               STRH     R1,[R0, #+0]
     52          	
     53          	/* Followed by 0xD928 to complete the unlock */
     54          	WDOG_UNLOCK = 0xD928;
   \   0000000A   ....               LDR.N    R0,??DataTable1_1  ;; 0x4005200e
   \   0000000C   4DF62811           MOVW     R1,#+55592
   \   00000010   0180               STRH     R1,[R0, #+0]
     55          	
     56          	/* Re-enable interrupts now that we are done */	
     57                 	EnableInterrupts;
   \   00000012   62B6               CPSIE i         
     58          }
   \   00000014   7047               BX       LR               ;; return

   \                                 In section .text, align 4, keep-with-next
   \                     ??DataTable1:
   \   00000000   00200540           DC32     0x40052000

   \                                 In section .text, align 4, keep-with-next
   \                     ??DataTable1_1:
   \   00000000   0E200540           DC32     0x4005200e
     59          /********************************************************************/

   Maximum stack usage in bytes:

     Function     .cstack
     --------     -------
     wdog_disable      8
     wdog_unlock       0


   Section sizes:

     Function/Label Bytes
     -------------- -----
     wdog_disable     22
     wdog_unlock      22
     ??DataTable1      4
     ??DataTable1_1    4

 
 52 bytes in section .text
 
 52 bytes of CODE memory

Errors: none
Warnings: 3
