###############################################################################
#                                                                             #
#                                                       04/Mar/2012  17:42:43 #
# IAR ANSI C/C++ Compiler V6.10.1.22143/W32 EVALUATION for ARM                #
# Copyright 1999-2010 IAR Systems AB.                                         #
#                                                                             #
#    Cpu mode     =  thumb                                                    #
#    Endian       =  little                                                   #
#    Source file  =  F:\My Works\K60\Kinetis512\kinetis-sc\src\projects\tsi\m #
#                    ain.c                                                    #
#    Command line =  "F:\My Works\K60\Kinetis512\kinetis-sc\src\projects\tsi\ #
#                    main.c" -D IAR -D TWR_K60N512 -lCN "F:\My                #
#                    Works\K60\Kinetis512\kinetis-sc\build\iar\tsi\FLASH_512K #
#                    B_PFLASH\List\" -lB "F:\My Works\K60\Kinetis512\kinetis- #
#                    sc\build\iar\tsi\FLASH_512KB_PFLASH\List\" -o "F:\My     #
#                    Works\K60\Kinetis512\kinetis-sc\build\iar\tsi\FLASH_512K #
#                    B_PFLASH\Obj\" --no_cse --no_unroll --no_inline          #
#                    --no_code_motion --no_tbaa --no_clustering               #
#                    --no_scheduling --debug --endian=little --cpu=Cortex-M4  #
#                    -e --fpu=None --dlib_config "D:\Program Files\IAR        #
#                    Systems\Embedded Workbench 6.0                           #
#                    Evaluation\arm\INC\c\DLib_Config_Normal.h" -I "F:\My     #
#                    Works\K60\Kinetis512\kinetis-sc\build\iar\tsi\..\..\..\s #
#                    rc\projects\tsi\" -I "F:\My                              #
#                    Works\K60\Kinetis512\kinetis-sc\build\iar\tsi\..\..\..\s #
#                    rc\common\" -I "F:\My Works\K60\Kinetis512\kinetis-sc\bu #
#                    ild\iar\tsi\..\..\..\src\cpu\" -I "F:\My                 #
#                    Works\K60\Kinetis512\kinetis-sc\build\iar\tsi\..\..\..\s #
#                    rc\cpu\headers\" -I "F:\My Works\K60\Kinetis512\kinetis- #
#                    sc\build\iar\tsi\..\..\..\src\drivers\uart\" -I "F:\My   #
#                    Works\K60\Kinetis512\kinetis-sc\build\iar\tsi\..\..\..\s #
#                    rc\drivers\mcg\" -I "F:\My Works\K60\Kinetis512\kinetis- #
#                    sc\build\iar\tsi\..\..\..\src\drivers\wdog\" -I "F:\My   #
#                    Works\K60\Kinetis512\kinetis-sc\build\iar\tsi\..\..\..\s #
#                    rc\platforms\" -I "F:\My Works\K60\Kinetis512\kinetis-sc #
#                    \build\iar\tsi\..\" -Ol --use_c++_inline                 #
#    List file    =  F:\My Works\K60\Kinetis512\kinetis-sc\build\iar\tsi\FLAS #
#                    H_512KB_PFLASH\List\main.lst                             #
#    Object file  =  F:\My Works\K60\Kinetis512\kinetis-sc\build\iar\tsi\FLAS #
#                    H_512KB_PFLASH\Obj\main.o                                #
#                                                                             #
#                                                                             #
###############################################################################

F:\My Works\K60\Kinetis512\kinetis-sc\src\projects\tsi\main.c
      1          /*
      2           * File:		main.c
      3           * Purpose:		TSI Example
      4           *
      5           *                      Toggle the LED's on the tower board by pressing the TSI
      6           *                        touch pads
      7           *
      8           */
      9          
     10          #include "common.h"
     11          #include "TSI.h"
     12          #include "misc.h"
     13          
     14          void GPIO_Init(void);
     15          
     16          /********************************************************************/

   \                                 In section .text, align 4, keep-with-next
     17          void main (void)
     18          {
   \                     main:
   \   00000000   80B5               PUSH     {R7,LR}
     19            TSI_Init();
   \   00000002   ........           BL       TSI_Init
     20            GPIO_Init();
   \   00000006   ........           BL       GPIO_Init
     21            TSI_SelfCalibration();
   \   0000000A   ........           BL       TSI_SelfCalibration
     22          
     23            START_SCANNING;
   \   0000000E   0948               LDR.N    R0,??main_0      ;; 0x40045000
   \   00000010   0068               LDR      R0,[R0, #+0]
   \   00000012   50F00200           ORRS     R0,R0,#0x2
   \   00000016   0749               LDR.N    R1,??main_0      ;; 0x40045000
   \   00000018   0860               STR      R0,[R1, #+0]
     24            ENABLE_EOS_INT;
   \   0000001A   0648               LDR.N    R0,??main_0      ;; 0x40045000
   \   0000001C   0068               LDR      R0,[R0, #+0]
   \   0000001E   50F05000           ORRS     R0,R0,#0x50
   \   00000022   0449               LDR.N    R1,??main_0      ;; 0x40045000
   \   00000024   0860               STR      R0,[R1, #+0]
     25            ENABLE_TSI;
   \   00000026   0348               LDR.N    R0,??main_0      ;; 0x40045000
   \   00000028   0068               LDR      R0,[R0, #+0]
   \   0000002A   50F08000           ORRS     R0,R0,#0x80
   \   0000002E   0149               LDR.N    R1,??main_0      ;; 0x40045000
   \   00000030   0860               STR      R0,[R1, #+0]
     26          
     27            while(1)
   \                     ??main_1:
   \   00000032   FEE7               B.N      ??main_1
   \                     ??main_0:
   \   00000034   00500440           DC32     0x40045000
     28            {
     29          
     30            }
     31          }
     32          /********************************************************************/
     33          

   Maximum stack usage in bytes:

     Function .cstack
     -------- -------
     main          8


   Section sizes:

     Function/Label Bytes
     -------------- -----
     main             56

 
 56 bytes in section .text
 
 56 bytes of CODE memory

Errors: none
Warnings: none
